<?xml version="1.0" encoding="UTF-8"?>
<!-- Generated by org.testng.reporters.JUnitXMLReporter -->
<testsuite hostname="nedim-LPL" name="Test on Firefox" tests="18" failures="0" timestamp="7 Feb 2015 17:23:16 GMT" time="1.48" errors="0">
  <testcase name="testAssertEquals" time="0.251" classname="TestNG.TestSimClassObjAnnotations"/>
  <testcase name="testAssertFalse" time="0.001" classname="TestNG.TestSimClassObjAnnotations"/>
  <testcase name="testAssertNotNull" time="0.001" classname="TestNG.TestSimClassObjAnnotations"/>
  <testcase name="testAssertNotSame" time="0.001" classname="TestNG.TestSimClassObjAnnotations"/>
  <testcase name="testAssertNull" time="0.001" classname="TestNG.TestSimClassObjAnnotations"/>
  <testcase name="testAssertSame" time="0.001" classname="TestNG.TestSimClassObjAnnotations"/>
  <testcase name="testAssertTrue" time="0.001" classname="TestNG.TestSimClassObjAnnotations"/>
  <testcase name="testTest1" time="0.001" classname="TestNG.TestGroupDepends"/>
  <testcase name="testTest2" time="0.0" classname="TestNG.TestGroupDepends"/>
  <testcase name="testTest3" time="0.0" classname="TestNG.TestGroupDepends"/>
  <testcase name="testTest8" time="0.0" classname="TestNG.TestGroupDepends"/>
  <testcase name="testTest5" time="0.002" classname="TestNG.TestGroupDepends"/>
  <testcase name="testTest4" time="0.001" classname="TestNG.TestGroupDepends"/>
  <testcase name="testTest6" time="0.001" classname="TestNG.TestGroupDepends"/>
  <testcase name="testTest7" time="0.001" classname="TestNG.TestGroupDepends"/>
  <testcase name="testUserMapping" time="0.589" classname="TestNG.TwotoPowerDProvider"/>
  <testcase name="testUserMapping" time="0.001" classname="TestNG.TwotoPowerDProvider"/>
  <testcase name="testUserMapping" time="0.001" classname="TestNG.TwotoPowerDProvider"/>
</testsuite> <!-- Test on Firefox -->
