<?xml version="1.0" encoding="UTF-8"?>
<!-- Generated by org.testng.reporters.JUnitXMLReporter -->
<testsuite hostname="nedim-LPL" name="Command line test" tests="18" failures="0" timestamp="7 Feb 2015 17:44:18 GMT" time="0.031" errors="0">
  <testcase name="testTest1" time="0.0" classname="TestNG.TestGroupDepends"/>
  <testcase name="testTest2" time="0.0" classname="TestNG.TestGroupDepends"/>
  <testcase name="testTest3" time="0.0" classname="TestNG.TestGroupDepends"/>
  <testcase name="testTest8" time="0.0" classname="TestNG.TestGroupDepends"/>
  <testcase name="testTest5" time="0.001" classname="TestNG.TestGroupDepends"/>
  <testcase name="testTest4" time="0.001" classname="TestNG.TestGroupDepends"/>
  <testcase name="testTest6" time="0.001" classname="TestNG.TestGroupDepends"/>
  <testcase name="testUserMapping" time="0.003" classname="TestNG.TwotoPowerDProvider"/>
  <testcase name="testUserMapping" time="0.0" classname="TestNG.TwotoPowerDProvider"/>
  <testcase name="testUserMapping" time="0.001" classname="TestNG.TwotoPowerDProvider"/>
  <testcase name="testAssertTrue" time="0.004" classname="TestNG.TestSimClassObjAnnotations"/>
  <testcase name="testAssertEquals" time="0.0" classname="TestNG.TestSimClassObjAnnotations"/>
  <testcase name="testAssertNotSame" time="0.0" classname="TestNG.TestSimClassObjAnnotations"/>
  <testcase name="testAssertFalse" time="0.0" classname="TestNG.TestSimClassObjAnnotations"/>
  <testcase name="testAssertNotNull" time="0.0" classname="TestNG.TestSimClassObjAnnotations"/>
  <testcase name="testAssertSame" time="0.0" classname="TestNG.TestSimClassObjAnnotations"/>
  <testcase name="testAssertNull" time="0.0" classname="TestNG.TestSimClassObjAnnotations"/>
  <testcase name="testTest7" time="0.0" classname="TestNG.TestGroupDepends"/>
</testsuite> <!-- Command line test -->
